Building DAG of jobs...
Using shell: /bin/bash
Provided cores: 1 (use --cores to define parallelism)
Rules claiming more threads will be scaled down.
Job counts:
	count	jobs
	1	all
	1	clades
	1	export
	3

[Mon Jun 29 12:00:00 2020]
Job 6: Labeling clades as specified in config.clades.tsv

[Mon Jun 29 12:00:01 2020]
Finished job 6.
1 of 3 steps (33%) done

[Mon Jun 29 12:00:01 2020]
Job 1: Exporting data files for for auspice

[Mon Jun 29 12:00:02 2020]
Finished job 1.
2 of 3 steps (67%) done

[Mon Jun 29 12:00:02 2020]
localrule all:
    input: auspice/ncov.json
    jobid: 0

[Mon Jun 29 12:00:02 2020]
Finished job 0.
3 of 3 steps (100%) done
Complete log: /media/windows-share/DSinLS20/week10/ncov_nextstrain/.snakemake/log/2020-06-29T120000.247490.snakemake.log
