Building DAG of jobs...
Using shell: /bin/bash
Provided cores: 1 (use --cores to define parallelism)
Rules claiming more threads will be scaled down.
Job counts:
	count	jobs
	1	align
	1	all
	1	ancestral
	1	export
	1	refine
	1	traits
	1	translate
	1	tree
	8

[Sun Jun 28 16:47:18 2020]
Job 7: 
        Aligning sequences to config/ncov_outgroup.gb
          - filling gaps with N
        

[Sun Jun 28 16:47:21 2020]
Finished job 7.
1 of 8 steps (12%) done

[Sun Jun 28 16:47:21 2020]
Job 6: Building tree

[Sun Jun 28 16:47:22 2020]
Finished job 6.
2 of 8 steps (25%) done

[Sun Jun 28 16:47:22 2020]
Job 2: 
        Refining tree
          - estimate timetree
          - use opt coalescent timescale
          - estimate marginal node dates
          - filter tips more than 4 IQDs from clock expectation
        

[Sun Jun 28 16:47:33 2020]
Finished job 2.
3 of 8 steps (38%) done

[Sun Jun 28 16:47:33 2020]
Job 4: Reconstructing ancestral sequences and mutations

[Sun Jun 28 16:47:34 2020]
Finished job 4.
4 of 8 steps (50%) done

[Sun Jun 28 16:47:34 2020]
Job 5: Translating amino acid sequences

[Sun Jun 28 16:47:35 2020]
Finished job 5.
5 of 8 steps (62%) done

[Sun Jun 28 16:47:35 2020]
Job 3: Inferring ancestral traits for country

[Sun Jun 28 16:47:36 2020]
Finished job 3.
6 of 8 steps (75%) done

[Sun Jun 28 16:47:36 2020]
Job 1: Exporting data files for for auspice

[Sun Jun 28 16:47:36 2020]
Finished job 1.
7 of 8 steps (88%) done

[Sun Jun 28 16:47:36 2020]
localrule all:
    input: auspice/ncov.json
    jobid: 0

[Sun Jun 28 16:47:36 2020]
Finished job 0.
8 of 8 steps (100%) done
Complete log: /media/windows-share/DSinLS20/week10/ncov_nextstrain/.snakemake/log/2020-06-28T164718.368412.snakemake.log
