Building DAG of jobs...
Using shell: /bin/bash
Provided cores: 1 (use --cores to define parallelism)
Rules claiming more threads will be scaled down.
Job counts:
	count	jobs
	1	align
	1	all
	1	ancestral
	1	clades
	1	export
	1	refine
	1	traits
	1	translate
	1	tree
	9

[Mon Jun 29 12:13:08 2020]
Job 8: 
        Aligning sequences to config/ncov_outgroup.gb
          - filling gaps with N
        

[Mon Jun 29 12:13:12 2020]
Finished job 8.
1 of 9 steps (11%) done

[Mon Jun 29 12:13:12 2020]
Job 7: Building tree

[Mon Jun 29 12:13:13 2020]
Finished job 7.
2 of 9 steps (22%) done

[Mon Jun 29 12:13:13 2020]
Job 2: 
        Refining tree
          - estimate timetree
          - use opt coalescent timescale
          - estimate marginal node dates
          - filter tips more than 4 IQDs from clock expectation
        

[Mon Jun 29 12:13:24 2020]
Finished job 2.
3 of 9 steps (33%) done

[Mon Jun 29 12:13:24 2020]
Job 4: Reconstructing ancestral sequences and mutations

[Mon Jun 29 12:13:26 2020]
Finished job 4.
4 of 9 steps (44%) done

[Mon Jun 29 12:13:26 2020]
Job 5: Translating amino acid sequences

[Mon Jun 29 12:13:27 2020]
Finished job 5.
5 of 9 steps (56%) done

[Mon Jun 29 12:13:27 2020]
Job 6: Labeling clades as specified in config.clades.tsv

[Mon Jun 29 12:13:28 2020]
Finished job 6.
6 of 9 steps (67%) done

[Mon Jun 29 12:13:28 2020]
Job 3: Inferring ancestral traits for country

[Mon Jun 29 12:13:28 2020]
Finished job 3.
7 of 9 steps (78%) done

[Mon Jun 29 12:13:28 2020]
Job 1: Exporting data files for for auspice

[Mon Jun 29 12:13:29 2020]
Finished job 1.
8 of 9 steps (89%) done

[Mon Jun 29 12:13:29 2020]
localrule all:
    input: auspice/ncov.json
    jobid: 0

[Mon Jun 29 12:13:29 2020]
Finished job 0.
9 of 9 steps (100%) done
Complete log: /media/windows-share/DSinLS20/week10/ncov_nextstrain/.snakemake/log/2020-06-29T121308.680542.snakemake.log
